<?xml version="1.0" encoding="UTF-8"?>
<testsuite xmlns:xsi="http://www.w3.org/2001/XMLSchema-instance" xsi:noNamespaceSchemaLocation="https://maven.apache.org/surefire/maven-surefire-plugin/xsd/surefire-test-report.xsd" name="com.itheima.netty.AppTest" time="0.02" tests="1" errors="0" skipped="0" failures="0">
  <properties>
    <property name="sun.desktop" value="windows"/>
    <property name="awt.toolkit" value="sun.awt.windows.WToolkit"/>
    <property name="file.encoding.pkg" value="sun.io"/>
    <property name="java.specification.version" value="1.8"/>
    <property name="sun.cpu.isalist" value="amd64"/>
    <property name="sun.jnu.encoding" value="GBK"/>
    <property name="java.class.path" value="F:\study_data\netty_project\netty_io\target\test-classes;F:\study_data\netty_project\netty_io\target\classes;F:\setting\repository\junit\junit\4.11\junit-4.11.jar;F:\setting\repository\org\hamcrest\hamcrest-core\1.3\hamcrest-core-1.3.jar;F:\setting\repository\org\msgpack\msgpack\0.6.12\msgpack-0.6.12.jar;F:\setting\repository\com\googlecode\json-simple\json-simple\1.1.1\json-simple-1.1.1.jar;F:\setting\repository\org\javassist\javassist\3.22.0-GA\javassist-3.22.0-GA.jar;F:\setting\repository\com\google\protobuf\protobuf-java\3.8.0\protobuf-java-3.8.0.jar;F:\setting\repository\commons-io\commons-io\2.4\commons-io-2.4.jar;F:\setting\repository\org\jboss\marshalling\jboss-marshalling-river\1.4.10.Final\jboss-marshalling-river-1.4.10.Final.jar;F:\setting\repository\org\jboss\marshalling\jboss-marshalling\1.4.11.Final\jboss-marshalling-1.4.11.Final.jar;F:\setting\repository\org\jboss\marshalling\jboss-marshalling-serial\1.4.11.Final\jboss-marshalling-serial-1.4.11.Final.jar;"/>
    <property name="java.vm.vendor" value="Oracle Corporation"/>
    <property name="sun.arch.data.model" value="64"/>
    <property name="user.variant" value=""/>
    <property name="java.vendor.url" value="http://java.oracle.com/"/>
    <property name="user.timezone" value="Asia/Shanghai"/>
    <property name="java.vm.specification.version" value="1.8"/>
    <property name="os.name" value="Windows 10"/>
    <property name="user.country" value="CN"/>
    <property name="sun.java.launcher" value="SUN_STANDARD"/>
    <property name="sun.boot.library.path" value="C:\Program Files\Java\jdk1.8.0_121\jre\bin"/>
    <property name="sun.java.command" value="C:\Users\ADMINI~1\AppData\Local\Temp\surefire6317418653473839553\surefirebooter3174600606365887437.jar C:\Users\Administrator\AppData\Local\Temp\surefire6317418653473839553 2020-11-16T21-39-11_740-jvmRun1 surefire4495980432735461243tmp surefire_02003798163586316721tmp"/>
    <property name="surefire.test.class.path" value="F:\study_data\netty_project\netty_io\target\test-classes;F:\study_data\netty_project\netty_io\target\classes;F:\setting\repository\junit\junit\4.11\junit-4.11.jar;F:\setting\repository\org\hamcrest\hamcrest-core\1.3\hamcrest-core-1.3.jar;F:\setting\repository\org\msgpack\msgpack\0.6.12\msgpack-0.6.12.jar;F:\setting\repository\com\googlecode\json-simple\json-simple\1.1.1\json-simple-1.1.1.jar;F:\setting\repository\org\javassist\javassist\3.22.0-GA\javassist-3.22.0-GA.jar;F:\setting\repository\com\google\protobuf\protobuf-java\3.8.0\protobuf-java-3.8.0.jar;F:\setting\repository\commons-io\commons-io\2.4\commons-io-2.4.jar;F:\setting\repository\org\jboss\marshalling\jboss-marshalling-river\1.4.10.Final\jboss-marshalling-river-1.4.10.Final.jar;F:\setting\repository\org\jboss\marshalling\jboss-marshalling\1.4.11.Final\jboss-marshalling-1.4.11.Final.jar;F:\setting\repository\org\jboss\marshalling\jboss-marshalling-serial\1.4.11.Final\jboss-marshalling-serial-1.4.11.Final.jar;"/>
    <property name="sun.cpu.endian" value="little"/>
    <property name="user.home" value="C:\Users\Administrator"/>
    <property name="user.language" value="zh"/>
    <property name="java.specification.vendor" value="Oracle Corporation"/>
    <property name="java.home" value="C:\Program Files\Java\jdk1.8.0_121\jre"/>
    <property name="basedir" value="F:\study_data\netty_project\netty_io"/>
    <property name="file.separator" value="\"/>
    <property name="line.separator" value="&#10;"/>
    <property name="java.vm.specification.vendor" value="Oracle Corporation"/>
    <property name="java.specification.name" value="Java Platform API Specification"/>
    <property name="java.awt.graphicsenv" value="sun.awt.Win32GraphicsEnvironment"/>
    <property name="surefire.real.class.path" value="C:\Users\ADMINI~1\AppData\Local\Temp\surefire6317418653473839553\surefirebooter3174600606365887437.jar"/>
    <property name="sun.boot.class.path" value="C:\Program Files\Java\jdk1.8.0_121\jre\lib\resources.jar;C:\Program Files\Java\jdk1.8.0_121\jre\lib\rt.jar;C:\Program Files\Java\jdk1.8.0_121\jre\lib\sunrsasign.jar;C:\Program Files\Java\jdk1.8.0_121\jre\lib\jsse.jar;C:\Program Files\Java\jdk1.8.0_121\jre\lib\jce.jar;C:\Program Files\Java\jdk1.8.0_121\jre\lib\charsets.jar;C:\Program Files\Java\jdk1.8.0_121\jre\lib\jfr.jar;C:\Program Files\Java\jdk1.8.0_121\jre\classes"/>
    <property name="user.script" value=""/>
    <property name="sun.management.compiler" value="HotSpot 64-Bit Tiered Compilers"/>
    <property name="java.runtime.version" value="1.8.0_121-b13"/>
    <property name="user.name" value="Administrator"/>
    <property name="path.separator" value=";"/>
    <property name="os.version" value="10.0"/>
    <property name="java.endorsed.dirs" value="C:\Program Files\Java\jdk1.8.0_121\jre\lib\endorsed"/>
    <property name="java.runtime.name" value="Java(TM) SE Runtime Environment"/>
    <property name="file.encoding" value="GBK"/>
    <property name="java.vm.name" value="Java HotSpot(TM) 64-Bit Server VM"/>
    <property name="localRepository" value="F:\setting\repository"/>
    <property name="java.vendor.url.bug" value="http://bugreport.sun.com/bugreport/"/>
    <property name="java.io.tmpdir" value="C:\Users\ADMINI~1\AppData\Local\Temp\"/>
    <property name="idea.version" value="2020.2.3"/>
    <property name="java.version" value="1.8.0_121"/>
    <property name="user.dir" value="F:\study_data\netty_project\netty_io"/>
    <property name="os.arch" value="amd64"/>
    <property name="java.vm.specification.name" value="Java Virtual Machine Specification"/>
    <property name="java.awt.printerjob" value="sun.awt.windows.WPrinterJob"/>
    <property name="sun.os.patch.level" value=""/>
    <property name="java.library.path" value="C:\Program Files\Java\jdk1.8.0_121\jre\bin;C:\Windows\Sun\Java\bin;C:\Windows\system32;C:\Windows;C:\ProgramData\Oracle\Java\javapath;C:\Windows\system32;C:\Windows;C:\Windows\System32\Wbem;C:\Windows\System32\WindowsPowerShell\v1.0\;C:\Windows\System32\OpenSSH\;&quot;C:\Program Files\Java\jdk1.8.0_121\bin;C:\Program Files\Java\jdk1.8.0_121\jre\bin;&quot;;C:\Program Files (x86)\Calibre2\;E:\setting\apache-maven-3.6.3\bin;C:\Program Files\Git\cmd;C:\Users\Administrator\AppData\Local\Microsoft\WindowsApps;;."/>
    <property name="java.vm.info" value="mixed mode"/>
    <property name="java.vendor" value="Oracle Corporation"/>
    <property name="java.vm.version" value="25.121-b13"/>
    <property name="java.ext.dirs" value="C:\Program Files\Java\jdk1.8.0_121\jre\lib\ext;C:\Windows\Sun\Java\lib\ext"/>
    <property name="sun.io.unicode.encoding" value="UnicodeLittle"/>
    <property name="maven.repo.local" value="F:\setting\repository"/>
    <property name="java.class.version" value="52.0"/>
  </properties>
  <testcase name="shouldAnswerWithTrue" classname="com.itheima.netty.AppTest" time="0.001"/>
</testsuite>